app/build/intermediates/manifest_merge_blame_file/debug/manifest-merger-blame-debug-report.txt
1<?xml version="1.0" encoding="utf-8"?>
2<manifest xmlns:android="http://schemas.android.com/apk/res/android"
3    package="com.tools.edge.dynamic.island"
4    android:versionCode="102"
5    android:versionName="1.0.2-dev" >
6
7    <uses-sdk
8        android:minSdkVersion="24"
9        android:targetSdkVersion="34" />
10
11    <uses-feature
11-->src\main\AndroidManifest.xml:5:5-7:36
12        android:name="android.hardware.telephony"
12-->src\main\AndroidManifest.xml:6:9-50
13        android:required="false" />
13-->src\main\AndroidManifest.xml:7:9-33
14
15    <uses-permission android:name="android.permission.BLUETOOTH_CONNECT" />
15-->src\main\AndroidManifest.xml:10:5-76
15-->src\main\AndroidManifest.xml:10:22-73
16    <uses-permission android:name="android.permission.BLUETOOTH" />
16-->src\main\AndroidManifest.xml:11:5-68
16-->src\main\AndroidManifest.xml:11:22-65
17
18    <uses-permission-sdk-23 android:name="android.permission.REQUEST_IGNORE_BATTERY_OPTIMIZATIONS" />
18-->src\main\AndroidManifest.xml:13:5-102
18-->src\main\AndroidManifest.xml:13:29-99
19
20    <uses-permission android:name="android.permission.ACTION_MANAGE_OVERLAY_PERMISSION" />
20-->src\main\AndroidManifest.xml:15:5-91
20-->src\main\AndroidManifest.xml:15:22-88
21    <uses-permission android:name="android.permission.SYSTEM_ALERT_WINDOW" />
21-->src\main\AndroidManifest.xml:16:5-78
21-->src\main\AndroidManifest.xml:16:22-75
22    <uses-permission android:name="android.permission.RECEIVE_BOOT_COMPLETED" />
22-->src\main\AndroidManifest.xml:17:5-81
22-->src\main\AndroidManifest.xml:17:22-78
23    <uses-permission android:name="android.permission.INTERNET" />
23-->src\main\AndroidManifest.xml:18:5-67
23-->src\main\AndroidManifest.xml:18:22-64
24    <uses-permission android:name="android.permission.ACCESS_NOTIFICATION_POLICY" />
24-->src\main\AndroidManifest.xml:19:5-85
24-->src\main\AndroidManifest.xml:19:22-82
25    <uses-permission android:name="android.permission.ACCESS_NETWORK_STATE" />
25-->src\main\AndroidManifest.xml:20:5-79
25-->src\main\AndroidManifest.xml:20:22-76
26    <uses-permission android:name="android.permission.ACCESS_WIFI_STATE" /> <!-- <uses-permission android:name="android.permission.VIBRATE" /> -->
26-->src\main\AndroidManifest.xml:21:5-76
26-->src\main\AndroidManifest.xml:21:22-73
27    <uses-permission android:name="android.permission.READ_PHONE_STATE" /> <!-- <uses-permission android:name="android.permission.READ_CONTACTS" /> -->
27-->src\main\AndroidManifest.xml:23:5-75
27-->src\main\AndroidManifest.xml:23:22-72
28    <!-- <uses-permission android:name="android.permission.CALL_PHONE" /> -->
29    <uses-permission android:name="android.permission.WAKE_LOCK" />
29-->src\main\AndroidManifest.xml:26:5-68
29-->src\main\AndroidManifest.xml:26:22-65
30    <uses-permission android:name="android.permission.FOREGROUND_SERVICE" />
30-->src\main\AndroidManifest.xml:27:5-77
30-->src\main\AndroidManifest.xml:27:22-74
31    <uses-permission android:name="android.permission.FOREGROUND_SERVICE_MEDIA_PROJECTION" />
31-->src\main\AndroidManifest.xml:28:5-94
31-->src\main\AndroidManifest.xml:28:22-91
32
33    <queries>
33-->src\main\AndroidManifest.xml:30:5-50:15
34        <intent>
34-->src\main\AndroidManifest.xml:31:9-33:18
35            <action android:name="android.intent.action.MAIN" />
35-->src\main\AndroidManifest.xml:32:13-65
35-->src\main\AndroidManifest.xml:32:21-62
36        </intent>
37        <intent>
37-->src\main\AndroidManifest.xml:34:9-36:18
38            <action android:name="android.media.action.IMAGE_CAPTURE" />
38-->src\main\AndroidManifest.xml:35:13-73
38-->src\main\AndroidManifest.xml:35:21-70
39        </intent>
40        <intent>
40-->src\main\AndroidManifest.xml:37:9-39:18
41            <action android:name="android.intent.action.OPEN_DOCUMENT_TREE" />
41-->src\main\AndroidManifest.xml:38:13-79
41-->src\main\AndroidManifest.xml:38:21-76
42        </intent>
43        <intent>
43-->src\main\AndroidManifest.xml:40:9-46:18
44            <action android:name="android.intent.action.VIEW" />
44-->src\main\AndroidManifest.xml:41:13-65
44-->src\main\AndroidManifest.xml:41:21-62
45
46            <category android:name="android.intent.category.BROWSABLE" />
46-->src\main\AndroidManifest.xml:43:13-74
46-->src\main\AndroidManifest.xml:43:23-71
47
48            <data android:scheme="https" />
48-->src\main\AndroidManifest.xml:45:13-44
48-->src\main\AndroidManifest.xml:45:19-41
49        </intent>
50        <intent>
50-->src\main\AndroidManifest.xml:47:9-49:18
51            <action android:name="android.support.customtabs.action.CustomTabsService" />
51-->src\main\AndroidManifest.xml:48:13-90
51-->src\main\AndroidManifest.xml:48:21-87
52        </intent>
53
54        <package android:name="com.facebook.katana" />
54-->[com.facebook.android:facebook-common:17.0.2] AndroidManifest.xml:18:9-55
54-->[com.facebook.android:facebook-common:17.0.2] AndroidManifest.xml:18:18-52
55
56        <intent>
56-->[com.applovin:applovin-sdk:13.0.1] AndroidManifest.xml:8:9-10:18
57            <action android:name="com.applovin.am.intent.action.APPHUB_SERVICE" />
57-->[com.applovin:applovin-sdk:13.0.1] AndroidManifest.xml:9:13-83
57-->[com.applovin:applovin-sdk:13.0.1] AndroidManifest.xml:9:21-80
58        </intent>
59        <intent>
59-->[com.android.billingclient:billing:7.0.0] AndroidManifest.xml:13:9-15:18
60            <action android:name="com.android.vending.billing.InAppBillingService.BIND" />
60-->[com.android.billingclient:billing:7.0.0] AndroidManifest.xml:14:13-91
60-->[com.android.billingclient:billing:7.0.0] AndroidManifest.xml:14:21-88
61        </intent>
62
63        <package android:name="com.android.vending" />
63-->[com.adcolony:sdk:4.8.0] AndroidManifest.xml:16:9-55
63-->[com.adcolony:sdk:4.8.0] AndroidManifest.xml:16:18-52
64        <package android:name="com.amazon.venezia" />
64-->[com.adcolony:sdk:4.8.0] AndroidManifest.xml:17:9-54
64-->[com.adcolony:sdk:4.8.0] AndroidManifest.xml:17:18-51
65        <package android:name="com.sec.android.app.samsungapps" />
65-->[com.adcolony:sdk:4.8.0] AndroidManifest.xml:18:9-67
65-->[com.adcolony:sdk:4.8.0] AndroidManifest.xml:18:18-64
66        <package android:name="com.huawei.appmarket" /> <!-- End of CustomTabsService -->
66-->[com.adcolony:sdk:4.8.0] AndroidManifest.xml:19:9-56
66-->[com.adcolony:sdk:4.8.0] AndroidManifest.xml:19:18-53
67        <!-- For MRAID capabilities -->
68        <intent>
68-->[com.google.android.gms:play-services-ads-lite:23.6.0] AndroidManifest.xml:52:9-56:18
69            <action android:name="android.intent.action.INSERT" />
69-->[com.google.android.gms:play-services-ads-lite:23.6.0] AndroidManifest.xml:53:13-67
69-->[com.google.android.gms:play-services-ads-lite:23.6.0] AndroidManifest.xml:53:21-64
70
71            <data android:mimeType="vnd.android.cursor.dir/event" />
71-->src\main\AndroidManifest.xml:45:13-44
72        </intent>
73        <intent>
73-->[com.google.android.gms:play-services-ads-lite:23.6.0] AndroidManifest.xml:57:9-61:18
74            <action android:name="android.intent.action.VIEW" />
74-->src\main\AndroidManifest.xml:41:13-65
74-->src\main\AndroidManifest.xml:41:21-62
75
76            <data android:scheme="sms" />
76-->src\main\AndroidManifest.xml:45:13-44
76-->src\main\AndroidManifest.xml:45:19-41
77        </intent>
78        <intent>
78-->[com.google.android.gms:play-services-ads-lite:23.6.0] AndroidManifest.xml:62:9-66:18
79            <action android:name="android.intent.action.DIAL" />
79-->[com.google.android.gms:play-services-ads-lite:23.6.0] AndroidManifest.xml:63:13-65
79-->[com.google.android.gms:play-services-ads-lite:23.6.0] AndroidManifest.xml:63:21-62
80
81            <data android:path="tel:" />
81-->src\main\AndroidManifest.xml:45:13-44
82        </intent>
83        <intent>
83-->[com.mbridge.msdk.oversea:same:16.8.61] AndroidManifest.xml:17:9-19:18
84            <action android:name="android.intent.action.VIEW" />
84-->src\main\AndroidManifest.xml:41:13-65
84-->src\main\AndroidManifest.xml:41:21-62
85        </intent>
86    </queries>
87
88    <uses-permission android:name="com.google.android.gms.permission.AD_ID" />
88-->[com.github.Binary-Bridge-Labs:BBLModuleAds:2.0.6] AndroidManifest.xml:10:5-79
88-->[com.github.Binary-Bridge-Labs:BBLModuleAds:2.0.6] AndroidManifest.xml:10:22-76
89    <uses-permission android:name="android.permission.POST_NOTIFICATIONS" /> <!-- Required by older versions of Google Play services to create IID tokens -->
89-->[com.google.firebase:firebase-messaging:24.0.1] AndroidManifest.xml:23:5-77
89-->[com.google.firebase:firebase-messaging:24.0.1] AndroidManifest.xml:23:22-74
90    <uses-permission android:name="com.google.android.c2dm.permission.RECEIVE" />
90-->[com.google.firebase:firebase-messaging:24.0.1] AndroidManifest.xml:26:5-82
90-->[com.google.firebase:firebase-messaging:24.0.1] AndroidManifest.xml:26:22-79
91    <uses-permission android:name="android.permission.ACCESS_ADSERVICES_ATTRIBUTION" />
91-->[com.google.android.gms:play-services-measurement-api:22.1.0] AndroidManifest.xml:26:5-88
91-->[com.google.android.gms:play-services-measurement-api:22.1.0] AndroidManifest.xml:26:22-85
92    <uses-permission android:name="android.permission.ACCESS_ADSERVICES_AD_ID" />
92-->[com.google.android.gms:play-services-measurement-api:22.1.0] AndroidManifest.xml:27:5-82
92-->[com.google.android.gms:play-services-measurement-api:22.1.0] AndroidManifest.xml:27:22-79
93    <uses-permission android:name="com.applovin.array.apphub.permission.BIND_APPHUB_SERVICE" />
93-->[com.applovin:applovin-sdk:13.0.1] AndroidManifest.xml:19:5-96
93-->[com.applovin:applovin-sdk:13.0.1] AndroidManifest.xml:19:22-93
94    <uses-permission android:name="com.google.android.finsky.permission.BIND_GET_INSTALL_REFERRER_SERVICE" />
94-->[com.google.android.gms:play-services-measurement:22.1.0] AndroidManifest.xml:26:5-110
94-->[com.google.android.gms:play-services-measurement:22.1.0] AndroidManifest.xml:26:22-107
95    <uses-permission android:name="com.android.vending.BILLING" />
95-->[com.android.billingclient:billing-ktx:7.0.0] AndroidManifest.xml:9:5-67
95-->[com.android.billingclient:billing-ktx:7.0.0] AndroidManifest.xml:9:22-64
96    <uses-permission android:name="android.permission.REORDER_TASKS" />
96-->[androidx.test:core:1.5.0] AndroidManifest.xml:24:5-72
96-->[androidx.test:core:1.5.0] AndroidManifest.xml:24:22-69
97    <uses-permission android:name="android.permission.ACCESS_ADSERVICES_TOPICS" />
97-->[com.google.android.gms:play-services-ads-lite:23.6.0] AndroidManifest.xml:29:5-83
97-->[com.google.android.gms:play-services-ads-lite:23.6.0] AndroidManifest.xml:29:22-80
98
99    <permission
99-->[androidx.core:core:1.10.1] AndroidManifest.xml:22:5-24:47
100        android:name="com.tools.edge.dynamic.island.DYNAMIC_RECEIVER_NOT_EXPORTED_PERMISSION"
100-->[androidx.core:core:1.10.1] AndroidManifest.xml:23:9-81
101        android:protectionLevel="signature" />
101-->[androidx.core:core:1.10.1] AndroidManifest.xml:24:9-44
102
103    <uses-permission android:name="com.tools.edge.dynamic.island.DYNAMIC_RECEIVER_NOT_EXPORTED_PERMISSION" /> <!-- To store the heap dumps and leak analysis results. -->
103-->[androidx.core:core:1.10.1] AndroidManifest.xml:26:5-97
103-->[androidx.core:core:1.10.1] AndroidManifest.xml:26:22-94
104    <uses-permission android:name="android.permission.READ_EXTERNAL_STORAGE" />
104-->[com.squareup.leakcanary:leakcanary-android-core:2.12] AndroidManifest.xml:25:5-80
104-->[com.squareup.leakcanary:leakcanary-android-core:2.12] AndroidManifest.xml:25:22-77
105    <uses-permission android:name="android.permission.WRITE_EXTERNAL_STORAGE" />
105-->[com.squareup.leakcanary:leakcanary-android-core:2.12] AndroidManifest.xml:26:5-81
105-->[com.squareup.leakcanary:leakcanary-android-core:2.12] AndroidManifest.xml:26:22-78
106
107    <application
107-->src\main\AndroidManifest.xml:52:5-183:19
108        android:name="com.tools.edge.dynamic.island.app.GlobalApp"
108-->src\main\AndroidManifest.xml:53:9-67
109        android:allowBackup="false"
109-->src\main\AndroidManifest.xml:54:9-35
110        android:appComponentFactory="androidx.core.app.CoreComponentFactory"
110-->[androidx.core:core:1.10.1] AndroidManifest.xml:28:18-86
111        android:configChanges="keyboardHidden|orientation"
111-->src\main\AndroidManifest.xml:55:9-59
112        android:debuggable="true"
113        android:extractNativeLibs="false"
114        android:fullBackupContent="@xml/appsflyer_backup_rules"
114-->[com.appsflyer:af-android-sdk:6.8.2] AndroidManifest.xml:15:18-73
115        android:hardwareAccelerated="true"
115-->[com.vungle:vungle-ads:7.4.2] AndroidManifest.xml:15:18-52
116        android:icon="@mipmap/ic_launcher"
116-->src\main\AndroidManifest.xml:56:9-43
117        android:label="@string/app_name"
117-->src\main\AndroidManifest.xml:57:9-41
118        android:largeHeap="true"
118-->src\main\AndroidManifest.xml:58:9-33
119        android:networkSecurityConfig="@xml/network_security_config"
119-->[com.github.Binary-Bridge-Labs:BBLModuleAds:2.0.6] AndroidManifest.xml:12:18-78
120        android:roundIcon="@mipmap/ic_launcher_round"
120-->src\main\AndroidManifest.xml:59:9-54
121        android:supportsRtl="true"
121-->src\main\AndroidManifest.xml:60:9-35
122        android:testOnly="true"
123        android:theme="@style/Theme.Main" >
123-->src\main\AndroidManifest.xml:61:9-42
124        <activity
124-->src\main\AndroidManifest.xml:63:9-65:40
125            android:name="com.tools.edge.dynamic.island.ui.component.setting.SettingActivity"
125-->src\main\AndroidManifest.xml:64:13-94
126            android:exported="false" />
126-->src\main\AndroidManifest.xml:65:13-37
127        <activity
127-->src\main\AndroidManifest.xml:67:9-73:56
128            android:name="com.tools.edge.dynamic.island.ui.component.app.select.SelectAppActivity"
128-->src\main\AndroidManifest.xml:68:13-99
129            android:exported="false"
129-->src\main\AndroidManifest.xml:69:13-37
130            android:largeHeap="true"
130-->src\main\AndroidManifest.xml:70:13-37
131            android:screenOrientation="portrait"
131-->src\main\AndroidManifest.xml:71:13-49
132            android:windowSoftInputMode="adjustPan" />
132-->src\main\AndroidManifest.xml:72:13-52
133        <activity
133-->src\main\AndroidManifest.xml:75:9-80:56
134            android:name="com.tools.edge.dynamic.island.ui.component.moduldetails.ModulDetailsActivity"
134-->src\main\AndroidManifest.xml:76:13-104
135            android:exported="false"
135-->src\main\AndroidManifest.xml:77:13-37
136            android:screenOrientation="portrait"
136-->src\main\AndroidManifest.xml:78:13-49
137            android:windowSoftInputMode="adjustPan" />
137-->src\main\AndroidManifest.xml:79:13-52
138        <activity
138-->src\main\AndroidManifest.xml:82:9-93:20
139            android:name="com.tools.edge.dynamic.island.ui.component.splash.SplashActivity"
139-->src\main\AndroidManifest.xml:83:13-92
140            android:exported="true"
140-->src\main\AndroidManifest.xml:84:13-36
141            android:screenOrientation="portrait"
141-->src\main\AndroidManifest.xml:85:13-49
142            android:windowSoftInputMode="adjustPan" >
142-->src\main\AndroidManifest.xml:86:13-52
143            <intent-filter>
143-->src\main\AndroidManifest.xml:88:13-92:29
144                <action android:name="android.intent.action.MAIN" />
144-->src\main\AndroidManifest.xml:32:13-65
144-->src\main\AndroidManifest.xml:32:21-62
145
146                <category android:name="android.intent.category.LAUNCHER" />
146-->src\main\AndroidManifest.xml:91:17-77
146-->src\main\AndroidManifest.xml:91:27-74
147            </intent-filter>
148        </activity>
149        <activity
149-->src\main\AndroidManifest.xml:95:9-100:56
150            android:name="com.tools.edge.dynamic.island.ui.component.main.MainActivity"
150-->src\main\AndroidManifest.xml:96:13-88
151            android:exported="true"
151-->src\main\AndroidManifest.xml:97:13-36
152            android:screenOrientation="portrait"
152-->src\main\AndroidManifest.xml:98:13-49
153            android:windowSoftInputMode="adjustPan" />
153-->src\main\AndroidManifest.xml:99:13-52
154        <activity
154-->src\main\AndroidManifest.xml:102:9-107:56
155            android:name="com.tools.edge.dynamic.island.ui.component.language.LanguageActivity"
155-->src\main\AndroidManifest.xml:103:13-96
156            android:exported="true"
156-->src\main\AndroidManifest.xml:104:13-36
157            android:screenOrientation="portrait"
157-->src\main\AndroidManifest.xml:105:13-49
158            android:windowSoftInputMode="adjustPan" />
158-->src\main\AndroidManifest.xml:106:13-52
159        <activity
159-->src\main\AndroidManifest.xml:109:9-114:56
160            android:name="com.tools.edge.dynamic.island.ui.component.onboarding.OnBoardingActivity"
160-->src\main\AndroidManifest.xml:110:13-100
161            android:exported="true"
161-->src\main\AndroidManifest.xml:111:13-36
162            android:screenOrientation="portrait"
162-->src\main\AndroidManifest.xml:112:13-49
163            android:windowSoftInputMode="adjustPan" />
163-->src\main\AndroidManifest.xml:113:13-52
164        <activity
164-->src\main\AndroidManifest.xml:116:9-121:56
165            android:name="com.tools.edge.dynamic.island.ui.component.permision.PermissionActivity"
165-->src\main\AndroidManifest.xml:117:13-99
166            android:exported="true"
166-->src\main\AndroidManifest.xml:118:13-36
167            android:screenOrientation="portrait"
167-->src\main\AndroidManifest.xml:119:13-49
168            android:windowSoftInputMode="adjustPan" />
168-->src\main\AndroidManifest.xml:120:13-52
169        <activity
169-->src\main\AndroidManifest.xml:123:9-126:53
170            android:name="com.tools.edge.dynamic.island.ui.component.example.AccessibilityExampleActivity"
170-->src\main\AndroidManifest.xml:124:13-78
171            android:exported="false"
171-->src\main\AndroidManifest.xml:125:13-37
172            android:label="Accessibility Example" />
172-->src\main\AndroidManifest.xml:126:13-50
173
174        <meta-data
175            android:name="com.google.android.gms.ads.APPLICATION_ID"
176            android:value="ca-app-pub-3940256099942544~3347511713" />
177        <meta-data
177-->src\main\AndroidManifest.xml:132:9-134:55
178            android:name="com.facebook.sdk.ApplicationId"
178-->src\main\AndroidManifest.xml:133:13-58
179            android:value="@string/facebook_app_id" />
179-->src\main\AndroidManifest.xml:134:13-52
180        <meta-data
180-->src\main\AndroidManifest.xml:136:9-138:61
181            android:name="com.facebook.sdk.ClientToken"
181-->src\main\AndroidManifest.xml:137:13-56
182            android:value="@string/facebook_client_token" />
182-->src\main\AndroidManifest.xml:138:13-58
183        <meta-data
183-->src\main\AndroidManifest.xml:140:9-142:36
184            android:name="com.facebook.sdk.AutoInitEnabled"
184-->src\main\AndroidManifest.xml:141:13-60
185            android:value="true" />
185-->src\main\AndroidManifest.xml:142:13-33
186        <meta-data
186-->src\main\AndroidManifest.xml:144:9-146:36
187            android:name="com.facebook.sdk.AutoLogAppEventsEnabled"
187-->src\main\AndroidManifest.xml:145:13-68
188            android:value="true" />
188-->src\main\AndroidManifest.xml:146:13-33
189        <meta-data
189-->src\main\AndroidManifest.xml:148:9-150:36
190            android:name="com.facebook.sdk.AdvertiserIDCollectionEnabled"
190-->src\main\AndroidManifest.xml:149:13-74
191            android:value="true" />
191-->src\main\AndroidManifest.xml:150:13-33
192
193        <service
193-->src\main\AndroidManifest.xml:152:9-167:19
194            android:name="com.tools.edge.dynamic.island.ui.component.service.ITGAccessibilityService"
194-->src\main\AndroidManifest.xml:153:13-102
195            android:configChanges="keyboardHidden|orientation"
195-->src\main\AndroidManifest.xml:154:13-63
196            android:enabled="true"
196-->src\main\AndroidManifest.xml:155:13-35
197            android:exported="true"
197-->src\main\AndroidManifest.xml:156:13-36
198            android:foregroundServiceType="mediaProjection"
198-->src\main\AndroidManifest.xml:157:13-60
199            android:label="@string/app_name"
199-->src\main\AndroidManifest.xml:158:13-45
200            android:permission="android.permission.BIND_ACCESSIBILITY_SERVICE" >
200-->src\main\AndroidManifest.xml:159:13-79
201            <intent-filter android:priority="99" >
201-->src\main\AndroidManifest.xml:160:13-162:29
201-->src\main\AndroidManifest.xml:160:28-49
202                <action android:name="android.accessibilityservice.AccessibilityService" />
202-->src\main\AndroidManifest.xml:161:17-92
202-->src\main\AndroidManifest.xml:161:25-89
203            </intent-filter>
204
205            <meta-data
205-->src\main\AndroidManifest.xml:164:13-166:65
206                android:name="android.accessibilityservice"
206-->src\main\AndroidManifest.xml:165:17-60
207                android:resource="@xml/accessibility_service" />
207-->src\main\AndroidManifest.xml:166:17-62
208        </service>
209        <service
209-->src\main\AndroidManifest.xml:169:9-178:19
210            android:name="com.tools.edge.dynamic.island.ui.component.service.NotificationService"
210-->src\main\AndroidManifest.xml:170:13-98
211            android:enabled="true"
211-->src\main\AndroidManifest.xml:171:13-35
212            android:exported="true"
212-->src\main\AndroidManifest.xml:172:13-36
213            android:label="@string/app_name"
213-->src\main\AndroidManifest.xml:173:13-45
214            android:permission="android.permission.BIND_NOTIFICATION_LISTENER_SERVICE" >
214-->src\main\AndroidManifest.xml:174:13-87
215            <intent-filter>
215-->src\main\AndroidManifest.xml:175:13-177:29
216                <action android:name="android.service.notification.NotificationListenerService" />
216-->src\main\AndroidManifest.xml:176:17-99
216-->src\main\AndroidManifest.xml:176:25-96
217            </intent-filter>
218        </service>
219        <service
219-->src\main\AndroidManifest.xml:180:9-182:40
220            android:name="com.tools.edge.dynamic.island.ui.component.service.PermissionService"
220-->src\main\AndroidManifest.xml:181:13-96
221            android:exported="false" />
221-->src\main\AndroidManifest.xml:182:13-37
222
223        <receiver
223-->[com.github.Binary-Bridge-Labs:BBLModuleAds:2.0.6] AndroidManifest.xml:13:9-20:20
224            android:name="com.adjust.sdk.AdjustReferrerReceiver"
224-->[com.github.Binary-Bridge-Labs:BBLModuleAds:2.0.6] AndroidManifest.xml:14:13-65
225            android:exported="true"
225-->[com.github.Binary-Bridge-Labs:BBLModuleAds:2.0.6] AndroidManifest.xml:15:13-36
226            android:permission="android.permission.INSTALL_PACKAGES" >
226-->[com.github.Binary-Bridge-Labs:BBLModuleAds:2.0.6] AndroidManifest.xml:16:13-69
227            <intent-filter>
227-->[com.github.Binary-Bridge-Labs:BBLModuleAds:2.0.6] AndroidManifest.xml:17:13-19:29
228                <action android:name="com.android.vending.INSTALL_REFERRER" />
228-->[com.github.Binary-Bridge-Labs:BBLModuleAds:2.0.6] AndroidManifest.xml:18:17-79
228-->[com.github.Binary-Bridge-Labs:BBLModuleAds:2.0.6] AndroidManifest.xml:18:25-76
229            </intent-filter>
230        </receiver>
231
232        <meta-data
232-->[com.github.Binary-Bridge-Labs:BBLModuleAds:2.0.6] AndroidManifest.xml:22:9-24:36
233            android:name="com.google.android.gms.ads.flag.OPTIMIZE_INITIALIZATION"
233-->[com.github.Binary-Bridge-Labs:BBLModuleAds:2.0.6] AndroidManifest.xml:23:13-83
234            android:value="true" />
234-->[com.github.Binary-Bridge-Labs:BBLModuleAds:2.0.6] AndroidManifest.xml:24:13-33
235        <meta-data
235-->[com.github.Binary-Bridge-Labs:BBLModuleAds:2.0.6] AndroidManifest.xml:25:9-27:36
236            android:name="com.google.android.gms.ads.flag.OPTIMIZE_AD_LOADING"
236-->[com.github.Binary-Bridge-Labs:BBLModuleAds:2.0.6] AndroidManifest.xml:26:13-79
237            android:value="true" />
237-->[com.github.Binary-Bridge-Labs:BBLModuleAds:2.0.6] AndroidManifest.xml:27:13-33
238
239        <activity android:name="com.vmadalin.easypermissions.components.TestActivity" />
239-->[com.vmadalin:easypermissions-ktx:1.0.0] AndroidManifest.xml:13:9-89
239-->[com.vmadalin:easypermissions-ktx:1.0.0] AndroidManifest.xml:13:19-86
240        <activity android:name="com.vmadalin.easypermissions.components.TestAppCompatActivity" />
240-->[com.vmadalin:easypermissions-ktx:1.0.0] AndroidManifest.xml:14:9-98
240-->[com.vmadalin:easypermissions-ktx:1.0.0] AndroidManifest.xml:14:19-95
241        <activity android:name="com.vmadalin.easypermissions.components.TestSupportFragmentActivity" />
241-->[com.vmadalin:easypermissions-ktx:1.0.0] AndroidManifest.xml:15:9-104
241-->[com.vmadalin:easypermissions-ktx:1.0.0] AndroidManifest.xml:15:19-101
242        <activity
242-->[cat.ereza:customactivityoncrash:2.4.0] AndroidManifest.xml:10:9-12:49
243            android:name="cat.ereza.customactivityoncrash.activity.DefaultErrorActivity"
243-->[cat.ereza:customactivityoncrash:2.4.0] AndroidManifest.xml:11:13-89
244            android:process=":error_activity" />
244-->[cat.ereza:customactivityoncrash:2.4.0] AndroidManifest.xml:12:13-46
245
246        <provider
246-->[cat.ereza:customactivityoncrash:2.4.0] AndroidManifest.xml:14:9-18:39
247            android:name="cat.ereza.customactivityoncrash.provider.CaocInitProvider"
247-->[cat.ereza:customactivityoncrash:2.4.0] AndroidManifest.xml:15:13-85
248            android:authorities="com.tools.edge.dynamic.island.customactivityoncrashinitprovider"
248-->[cat.ereza:customactivityoncrash:2.4.0] AndroidManifest.xml:16:13-85
249            android:exported="false"
249-->[cat.ereza:customactivityoncrash:2.4.0] AndroidManifest.xml:17:13-37
250            android:initOrder="101" />
250-->[cat.ereza:customactivityoncrash:2.4.0] AndroidManifest.xml:18:13-36
251
252        <activity
252-->[pub.devrel:easypermissions:3.0.0] AndroidManifest.xml:12:9-16:66
253            android:name="pub.devrel.easypermissions.AppSettingsDialogHolderActivity"
253-->[pub.devrel:easypermissions:3.0.0] AndroidManifest.xml:13:13-86
254            android:exported="false"
254-->[pub.devrel:easypermissions:3.0.0] AndroidManifest.xml:14:13-37
255            android:label=""
255-->[pub.devrel:easypermissions:3.0.0] AndroidManifest.xml:15:13-29
256            android:theme="@style/EasyPermissions.Transparent" />
256-->[pub.devrel:easypermissions:3.0.0] AndroidManifest.xml:16:13-63
257        <activity
257-->[com.github.dhaval2404:imagepicker:2.1] AndroidManifest.xml:22:9-25:68
258            android:name="com.github.dhaval2404.imagepicker.ImagePickerActivity"
258-->[com.github.dhaval2404:imagepicker:2.1] AndroidManifest.xml:23:13-81
259            android:screenOrientation="unspecified"
259-->[com.github.dhaval2404:imagepicker:2.1] AndroidManifest.xml:24:13-52
260            android:theme="@style/Theme.Transparent.ImagePicker" />
260-->[com.github.dhaval2404:imagepicker:2.1] AndroidManifest.xml:25:13-65
261        <activity
261-->[com.github.dhaval2404:imagepicker:2.1] AndroidManifest.xml:26:9-29:72
262            android:name="com.yalantis.ucrop.UCropActivity"
262-->[com.github.dhaval2404:imagepicker:2.1] AndroidManifest.xml:27:13-60
263            android:screenOrientation="portrait"
263-->[com.github.dhaval2404:imagepicker:2.1] AndroidManifest.xml:28:13-49
264            android:theme="@style/Theme.AppCompat.Light.NoActionBar" />
264-->[com.github.dhaval2404:imagepicker:2.1] AndroidManifest.xml:29:13-69
265
266        <provider
266-->[com.github.dhaval2404:imagepicker:2.1] AndroidManifest.xml:31:9-39:20
267            android:name="com.github.dhaval2404.imagepicker.ImagePickerFileProvider"
267-->[com.github.dhaval2404:imagepicker:2.1] AndroidManifest.xml:32:13-85
268            android:authorities="com.tools.edge.dynamic.island.imagepicker.provider"
268-->[com.github.dhaval2404:imagepicker:2.1] AndroidManifest.xml:33:13-72
269            android:exported="false"
269-->[com.github.dhaval2404:imagepicker:2.1] AndroidManifest.xml:34:13-37
270            android:grantUriPermissions="true" >
270-->[com.github.dhaval2404:imagepicker:2.1] AndroidManifest.xml:35:13-47
271            <meta-data
271-->[com.github.dhaval2404:imagepicker:2.1] AndroidManifest.xml:36:13-38:71
272                android:name="android.support.FILE_PROVIDER_PATHS"
272-->[com.github.dhaval2404:imagepicker:2.1] AndroidManifest.xml:37:17-67
273                android:resource="@xml/image_picker_provider_paths" />
273-->[com.github.dhaval2404:imagepicker:2.1] AndroidManifest.xml:38:17-68
274        </provider>
275
276        <activity
276-->[com.facebook.android:facebook-common:17.0.2] AndroidManifest.xml:22:9-25:66
277            android:name="com.facebook.FacebookActivity"
277-->[com.facebook.android:facebook-common:17.0.2] AndroidManifest.xml:23:13-57
278            android:configChanges="keyboard|keyboardHidden|screenLayout|screenSize|orientation"
278-->[com.facebook.android:facebook-common:17.0.2] AndroidManifest.xml:24:13-96
279            android:theme="@style/com_facebook_activity_theme" />
279-->[com.facebook.android:facebook-common:17.0.2] AndroidManifest.xml:25:13-63
280        <activity android:name="com.facebook.CustomTabMainActivity" />
280-->[com.facebook.android:facebook-common:17.0.2] AndroidManifest.xml:26:9-71
280-->[com.facebook.android:facebook-common:17.0.2] AndroidManifest.xml:26:19-68
281        <activity
281-->[com.facebook.android:facebook-common:17.0.2] AndroidManifest.xml:27:9-41:20
282            android:name="com.facebook.CustomTabActivity"
282-->[com.facebook.android:facebook-common:17.0.2] AndroidManifest.xml:28:13-58
283            android:exported="true" >
283-->[com.facebook.android:facebook-common:17.0.2] AndroidManifest.xml:29:13-36